09:47:36.386 INFO  o.s.s.c.ThreadPoolTaskExecutor - Shutting down ExecutorService 'applicationTaskExecutor'
09:47:36.389 INFO  o.s.o.j.LocalContainerEntityManagerFactoryBean - Closing JPA EntityManagerFactory for persistence unit 'default'
09:47:36.400 INFO  com.zaxxer.hikari.HikariDataSource - HikariPool-1 - Shutdown initiated...
09:47:36.412 INFO  com.zaxxer.hikari.HikariDataSource - HikariPool-1 - Shutdown completed.
09:53:50.296 INFO  i.c.s.n.SocialNetworkApplication - Starting SocialNetworkApplication on DESKTOP-URU3K2E with PID 1112 (C:\Desarrollo\FaceUTEQ\web.social.network\target\classes started by Hector Escobedo in C:\Desarrollo\FaceUTEQ)
09:53:50.298 DEBUG i.c.s.n.SocialNetworkApplication - Running with Spring Boot v2.1.7.RELEASE, Spring v5.1.9.RELEASE
09:53:50.299 INFO  i.c.s.n.SocialNetworkApplication - The following profiles are active: dev
09:53:50.327 INFO  o.s.b.d.e.DevToolsPropertyDefaultsPostProcessor - Devtools property defaults active! Set 'spring.devtools.add-properties' to 'false' to disable
09:53:50.327 INFO  o.s.b.d.e.DevToolsPropertyDefaultsPostProcessor - For additional web related logging consider setting the 'logging.level.web' property to 'DEBUG'
09:53:51.323 INFO  o.s.d.r.c.RepositoryConfigurationDelegate - Bootstrapping Spring Data repositories in DEFAULT mode.
09:53:51.423 INFO  o.s.d.r.c.RepositoryConfigurationDelegate - Finished Spring Data repository scanning in 94ms. Found 4 repository interfaces.
09:53:51.825 INFO  o.s.c.s.PostProcessorRegistrationDelegate$BeanPostProcessorChecker - Bean 'org.springframework.transaction.annotation.ProxyTransactionManagementConfiguration' of type [org.springframework.transaction.annotation.ProxyTransactionManagementConfiguration$$EnhancerBySpringCGLIB$$d6166d44] is not eligible for getting processed by all BeanPostProcessors (for example: not eligible for auto-proxying)
09:53:52.107 INFO  o.s.b.w.e.tomcat.TomcatWebServer - Tomcat initialized with port(s): 8080 (http)
09:53:52.121 INFO  o.a.coyote.http11.Http11NioProtocol - Initializing ProtocolHandler ["http-nio-8080"]
09:53:52.130 INFO  o.a.catalina.core.StandardService - Starting service [Tomcat]
09:53:52.130 INFO  o.a.catalina.core.StandardEngine - Starting Servlet engine: [Apache Tomcat/9.0.22]
09:53:52.216 INFO  o.a.c.c.C.[Tomcat].[localhost].[/] - Initializing Spring embedded WebApplicationContext
09:53:52.216 INFO  o.s.web.context.ContextLoader - Root WebApplicationContext: initialization completed in 1888 ms
09:53:52.623 INFO  com.zaxxer.hikari.HikariDataSource - HikariPool-1 - Starting...
09:53:52.625 WARN  c.z.hikari.util.DriverDataSource - Registered driver with driverClassName=com.mysql.jdbc.Driver was not found, trying direct instantiation.
09:53:52.964 INFO  com.zaxxer.hikari.HikariDataSource - HikariPool-1 - Start completed.
09:53:53.009 INFO  o.h.jpa.internal.util.LogHelper - HHH000204: Processing PersistenceUnitInfo [
	name: default
	...]
09:53:53.072 INFO  org.hibernate.Version - HHH000412: Hibernate Core {5.3.10.Final}
09:53:53.074 INFO  org.hibernate.cfg.Environment - HHH000206: hibernate.properties not found
09:53:53.222 INFO  o.h.annotations.common.Version - HCANN000001: Hibernate Commons Annotations {5.0.4.Final}
09:53:53.358 INFO  org.hibernate.dialect.Dialect - HHH000400: Using dialect: org.hibernate.dialect.MySQL5Dialect
09:53:53.956 DEBUG org.hibernate.SQL - alter table friendship add constraint FKlf0nqje9k08cimvk4tsnb2bgg foreign key (user_receiver) references user (id)
09:53:53.989 DEBUG org.hibernate.SQL - alter table friendship add constraint FKngs34a7uptf3lmnefiigk1ktd foreign key (user_sender) references user (id)
09:53:54.013 DEBUG org.hibernate.SQL - alter table messages add constraint FK8q4vrb5gjo5j0t8gv51qj3se9 foreign key (receiver) references user (id)
09:53:54.036 DEBUG org.hibernate.SQL - alter table messages add constraint FKelhs6sn3e7n5nhphoiht9jqes foreign key (sender) references user (id)
09:53:54.062 DEBUG org.hibernate.SQL - alter table user_role add constraint FKa68196081fvovjhkek5m97n3y foreign key (role_id) references role (id)
09:53:54.083 DEBUG org.hibernate.SQL - alter table user_role add constraint FK859n2jvi8ivhui0rl0esws6o foreign key (user_id) references user (id)
09:53:54.106 INFO  o.s.o.j.LocalContainerEntityManagerFactoryBean - Initialized JPA EntityManagerFactory for persistence unit 'default'
09:53:54.143 INFO  o.s.b.d.a.OptionalLiveReloadServer - LiveReload server is running on port 35729
09:53:54.821 INFO  o.s.s.web.DefaultSecurityFilterChain - Creating filter chain: any request, [org.springframework.security.web.context.request.async.WebAsyncManagerIntegrationFilter@7b03ab13, org.springframework.security.web.context.SecurityContextPersistenceFilter@15bf3f9b, org.springframework.security.web.header.HeaderWriterFilter@121d2974, org.springframework.security.web.csrf.CsrfFilter@4907af9c, org.springframework.security.web.authentication.logout.LogoutFilter@67b18fe5, org.springframework.security.web.authentication.UsernamePasswordAuthenticationFilter@3e30bee0, org.springframework.security.web.savedrequest.RequestCacheAwareFilter@4fccad5c, org.springframework.security.web.servletapi.SecurityContextHolderAwareRequestFilter@79b20937, org.springframework.security.web.authentication.AnonymousAuthenticationFilter@72d7a640, org.springframework.security.web.session.SessionManagementFilter@31199626, org.springframework.security.web.access.ExceptionTranslationFilter@6276ce63, org.springframework.security.web.access.intercept.FilterSecurityInterceptor@6421fb7f]
09:53:54.943 INFO  o.s.s.c.ThreadPoolTaskExecutor - Initializing ExecutorService 'applicationTaskExecutor'
09:53:54.973 WARN  o.s.b.a.o.j.JpaBaseConfiguration$JpaWebConfiguration$JpaWebMvcConfiguration - spring.jpa.open-in-view is enabled by default. Therefore, database queries may be performed during view rendering. Explicitly configure spring.jpa.open-in-view to disable this warning
09:53:55.002 INFO  o.s.b.a.w.s.WelcomePageHandlerMapping - Adding welcome page template: index
09:53:55.227 INFO  o.s.b.a.e.web.EndpointLinksResolver - Exposing 9 endpoint(s) beneath base path ''
09:53:55.431 INFO  o.a.coyote.http11.Http11NioProtocol - Starting ProtocolHandler ["http-nio-8080"]
09:53:55.454 INFO  o.s.b.w.e.tomcat.TomcatWebServer - Tomcat started on port(s): 8080 (http) with context path ''
09:53:55.456 INFO  i.c.s.n.SocialNetworkApplication - Started SocialNetworkApplication in 5.481 seconds (JVM running for 6.234)
09:53:55.819 INFO  o.a.c.c.C.[Tomcat].[localhost].[/] - Initializing Spring DispatcherServlet 'dispatcherServlet'
09:53:55.819 INFO  o.s.web.servlet.DispatcherServlet - Initializing Servlet 'dispatcherServlet'
09:53:55.825 INFO  o.s.web.servlet.DispatcherServlet - Completed initialization in 6 ms
09:54:53.834 DEBUG org.hibernate.SQL - select user0_.id as id1_3_, user0_.date_of_birth as date_of_2_3_, user0_.username as username3_3_, user0_.first_name as first_na4_3_, user0_.image as image5_3_, user0_.is_professor as is_profe6_3_, user0_.last_name as last_nam7_3_, user0_.password as password8_3_, user0_.phone as phone9_3_, user0_.sex as sex10_3_ from user user0_ where user0_.username=?
09:55:43.896 WARN  com.zaxxer.hikari.pool.HikariPool - HikariPool-1 - Thread starvation or clock leap detected (housekeeper delta=50s105ms92µs).
09:55:43.898 ERROR i.c.s.n.e.ResponseExceptionHandler - >>>>>>>>>> Exception
09:55:43.910 ERROR i.c.s.n.e.ResponseExceptionHandler - null
java.lang.NullPointerException: null
	at info.cheremisin.social.network.email.EmailService.sendEmail(EmailService.java:22)
	at info.cheremisin.social.network.controllers.IndexController.registerUser(IndexController.java:56)
	at java.base/jdk.internal.reflect.NativeMethodAccessorImpl.invoke0(Native Method)
	at java.base/jdk.internal.reflect.NativeMethodAccessorImpl.invoke(NativeMethodAccessorImpl.java:62)
	at java.base/jdk.internal.reflect.DelegatingMethodAccessorImpl.invoke(DelegatingMethodAccessorImpl.java:43)
	at java.base/java.lang.reflect.Method.invoke(Method.java:566)
	at org.springframework.web.method.support.InvocableHandlerMethod.doInvoke(InvocableHandlerMethod.java:190)
	at org.springframework.web.method.support.InvocableHandlerMethod.invokeForRequest(InvocableHandlerMethod.java:138)
	at org.springframework.web.servlet.mvc.method.annotation.ServletInvocableHandlerMethod.invokeAndHandle(ServletInvocableHandlerMethod.java:104)
	at org.springframework.web.servlet.mvc.method.annotation.RequestMappingHandlerAdapter.invokeHandlerMethod(RequestMappingHandlerAdapter.java:892)
	at org.springframework.web.servlet.mvc.method.annotation.RequestMappingHandlerAdapter.handleInternal(RequestMappingHandlerAdapter.java:797)
	at org.springframework.web.servlet.mvc.method.AbstractHandlerMethodAdapter.handle(AbstractHandlerMethodAdapter.java:87)
	at org.springframework.web.servlet.DispatcherServlet.doDispatch(DispatcherServlet.java:1039)
	at org.springframework.web.servlet.DispatcherServlet.doService(DispatcherServlet.java:942)
	at org.springframework.web.servlet.FrameworkServlet.processRequest(FrameworkServlet.java:1005)
	at org.springframework.web.servlet.FrameworkServlet.doPost(FrameworkServlet.java:908)
	at javax.servlet.http.HttpServlet.service(HttpServlet.java:660)
	at org.springframework.web.servlet.FrameworkServlet.service(FrameworkServlet.java:882)
	at javax.servlet.http.HttpServlet.service(HttpServlet.java:741)
	at org.apache.catalina.core.ApplicationFilterChain.internalDoFilter(ApplicationFilterChain.java:231)
	at org.apache.catalina.core.ApplicationFilterChain.doFilter(ApplicationFilterChain.java:166)
	at org.apache.tomcat.websocket.server.WsFilter.doFilter(WsFilter.java:53)
	at org.apache.catalina.core.ApplicationFilterChain.internalDoFilter(ApplicationFilterChain.java:193)
	at org.apache.catalina.core.ApplicationFilterChain.doFilter(ApplicationFilterChain.java:166)
	at org.springframework.boot.actuate.web.trace.servlet.HttpTraceFilter.doFilterInternal(HttpTraceFilter.java:88)
	at org.springframework.web.filter.OncePerRequestFilter.doFilter(OncePerRequestFilter.java:118)
	at org.apache.catalina.core.ApplicationFilterChain.internalDoFilter(ApplicationFilterChain.java:193)
	at org.apache.catalina.core.ApplicationFilterChain.doFilter(ApplicationFilterChain.java:166)
	at org.springframework.security.web.FilterChainProxy$VirtualFilterChain.doFilter(FilterChainProxy.java:320)
	at org.springframework.security.web.access.intercept.FilterSecurityInterceptor.invoke(FilterSecurityInterceptor.java:127)
	at org.springframework.security.web.access.intercept.FilterSecurityInterceptor.doFilter(FilterSecurityInterceptor.java:91)
	at org.springframework.security.web.FilterChainProxy$VirtualFilterChain.doFilter(FilterChainProxy.java:334)
	at org.springframework.security.web.access.ExceptionTranslationFilter.doFilter(ExceptionTranslationFilter.java:119)
	at org.springframework.security.web.FilterChainProxy$VirtualFilterChain.doFilter(FilterChainProxy.java:334)
	at org.springframework.security.web.session.SessionManagementFilter.doFilter(SessionManagementFilter.java:137)
	at org.springframework.security.web.FilterChainProxy$VirtualFilterChain.doFilter(FilterChainProxy.java:334)
	at org.springframework.security.web.authentication.AnonymousAuthenticationFilter.doFilter(AnonymousAuthenticationFilter.java:111)
	at org.springframework.security.web.FilterChainProxy$VirtualFilterChain.doFilter(FilterChainProxy.java:334)
	at org.springframework.security.web.servletapi.SecurityContextHolderAwareRequestFilter.doFilter(SecurityContextHolderAwareRequestFilter.java:170)
	at org.springframework.security.web.FilterChainProxy$VirtualFilterChain.doFilter(FilterChainProxy.java:334)
	at org.springframework.security.web.savedrequest.RequestCacheAwareFilter.doFilter(RequestCacheAwareFilter.java:63)
	at org.springframework.security.web.FilterChainProxy$VirtualFilterChain.doFilter(FilterChainProxy.java:334)
	at org.springframework.security.web.authentication.AbstractAuthenticationProcessingFilter.doFilter(AbstractAuthenticationProcessingFilter.java:200)
	at org.springframework.security.web.FilterChainProxy$VirtualFilterChain.doFilter(FilterChainProxy.java:334)
	at org.springframework.security.web.authentication.logout.LogoutFilter.doFilter(LogoutFilter.java:116)
	at org.springframework.security.web.FilterChainProxy$VirtualFilterChain.doFilter(FilterChainProxy.java:334)
	at org.springframework.security.web.csrf.CsrfFilter.doFilterInternal(CsrfFilter.java:124)
	at org.springframework.web.filter.OncePerRequestFilter.doFilter(OncePerRequestFilter.java:118)
	at org.springframework.security.web.FilterChainProxy$VirtualFilterChain.doFilter(FilterChainProxy.java:334)
	at org.springframework.security.web.header.HeaderWriterFilter.doFilterInternal(HeaderWriterFilter.java:74)
	at org.springframework.web.filter.OncePerRequestFilter.doFilter(OncePerRequestFilter.java:118)
	at org.springframework.security.web.FilterChainProxy$VirtualFilterChain.doFilter(FilterChainProxy.java:334)
	at org.springframework.security.web.context.SecurityContextPersistenceFilter.doFilter(SecurityContextPersistenceFilter.java:105)
	at org.springframework.security.web.FilterChainProxy$VirtualFilterChain.doFilter(FilterChainProxy.java:334)
	at org.springframework.security.web.context.request.async.WebAsyncManagerIntegrationFilter.doFilterInternal(WebAsyncManagerIntegrationFilter.java:56)
	at org.springframework.web.filter.OncePerRequestFilter.doFilter(OncePerRequestFilter.java:118)
	at org.springframework.security.web.FilterChainProxy$VirtualFilterChain.doFilter(FilterChainProxy.java:334)
	at org.springframework.security.web.FilterChainProxy.doFilterInternal(FilterChainProxy.java:215)
	at org.springframework.security.web.FilterChainProxy.doFilter(FilterChainProxy.java:178)
	at org.springframework.web.filter.DelegatingFilterProxy.invokeDelegate(DelegatingFilterProxy.java:357)
	at org.springframework.web.filter.DelegatingFilterProxy.doFilter(DelegatingFilterProxy.java:270)
	at org.apache.catalina.core.ApplicationFilterChain.internalDoFilter(ApplicationFilterChain.java:193)
	at org.apache.catalina.core.ApplicationFilterChain.doFilter(ApplicationFilterChain.java:166)
	at org.springframework.web.filter.RequestContextFilter.doFilterInternal(RequestContextFilter.java:99)
	at org.springframework.web.filter.OncePerRequestFilter.doFilter(OncePerRequestFilter.java:118)
	at org.apache.catalina.core.ApplicationFilterChain.internalDoFilter(ApplicationFilterChain.java:193)
	at org.apache.catalina.core.ApplicationFilterChain.doFilter(ApplicationFilterChain.java:166)
	at org.springframework.web.filter.FormContentFilter.doFilterInternal(FormContentFilter.java:92)
	at org.springframework.web.filter.OncePerRequestFilter.doFilter(OncePerRequestFilter.java:118)
	at org.apache.catalina.core.ApplicationFilterChain.internalDoFilter(ApplicationFilterChain.java:193)
	at org.apache.catalina.core.ApplicationFilterChain.doFilter(ApplicationFilterChain.java:166)
	at org.springframework.web.filter.HiddenHttpMethodFilter.doFilterInternal(HiddenHttpMethodFilter.java:93)
	at org.springframework.web.filter.OncePerRequestFilter.doFilter(OncePerRequestFilter.java:118)
	at org.apache.catalina.core.ApplicationFilterChain.internalDoFilter(ApplicationFilterChain.java:193)
	at org.apache.catalina.core.ApplicationFilterChain.doFilter(ApplicationFilterChain.java:166)
	at org.springframework.boot.actuate.metrics.web.servlet.WebMvcMetricsFilter.filterAndRecordMetrics(WebMvcMetricsFilter.java:114)
	at org.springframework.boot.actuate.metrics.web.servlet.WebMvcMetricsFilter.doFilterInternal(WebMvcMetricsFilter.java:104)
	at org.springframework.web.filter.OncePerRequestFilter.doFilter(OncePerRequestFilter.java:118)
	at org.apache.catalina.core.ApplicationFilterChain.internalDoFilter(ApplicationFilterChain.java:193)
	at org.apache.catalina.core.ApplicationFilterChain.doFilter(ApplicationFilterChain.java:166)
	at org.springframework.web.filter.CharacterEncodingFilter.doFilterInternal(CharacterEncodingFilter.java:200)
	at org.springframework.web.filter.OncePerRequestFilter.doFilter(OncePerRequestFilter.java:118)
	at org.apache.catalina.core.ApplicationFilterChain.internalDoFilter(ApplicationFilterChain.java:193)
	at org.apache.catalina.core.ApplicationFilterChain.doFilter(ApplicationFilterChain.java:166)
	at org.apache.catalina.core.StandardWrapperValve.invoke(StandardWrapperValve.java:202)
	at org.apache.catalina.core.StandardContextValve.invoke(StandardContextValve.java:96)
	at org.apache.catalina.authenticator.AuthenticatorBase.invoke(AuthenticatorBase.java:490)
	at org.apache.catalina.core.StandardHostValve.invoke(StandardHostValve.java:139)
	at org.apache.catalina.valves.ErrorReportValve.invoke(ErrorReportValve.java:92)
	at org.apache.catalina.core.StandardEngineValve.invoke(StandardEngineValve.java:74)
	at org.apache.catalina.connector.CoyoteAdapter.service(CoyoteAdapter.java:343)
	at org.apache.coyote.http11.Http11Processor.service(Http11Processor.java:408)
	at org.apache.coyote.AbstractProcessorLight.process(AbstractProcessorLight.java:66)
	at org.apache.coyote.AbstractProtocol$ConnectionHandler.process(AbstractProtocol.java:853)
	at org.apache.tomcat.util.net.NioEndpoint$SocketProcessor.doRun(NioEndpoint.java:1587)
	at org.apache.tomcat.util.net.SocketProcessorBase.run(SocketProcessorBase.java:49)
	at java.base/java.util.concurrent.ThreadPoolExecutor.runWorker(ThreadPoolExecutor.java:1128)
	at java.base/java.util.concurrent.ThreadPoolExecutor$Worker.run(ThreadPoolExecutor.java:628)
	at org.apache.tomcat.util.threads.TaskThread$WrappingRunnable.run(TaskThread.java:61)
	at java.base/java.lang.Thread.run(Thread.java:834)
09:55:43.911 WARN  o.s.w.s.m.m.a.ExceptionHandlerExceptionResolver - Resolved [java.lang.NullPointerException]
10:21:43.042 INFO  o.s.s.c.ThreadPoolTaskExecutor - Shutting down ExecutorService 'applicationTaskExecutor'
10:21:43.044 INFO  o.s.o.j.LocalContainerEntityManagerFactoryBean - Closing JPA EntityManagerFactory for persistence unit 'default'
10:21:43.049 INFO  com.zaxxer.hikari.HikariDataSource - HikariPool-1 - Shutdown initiated...
10:21:43.059 INFO  com.zaxxer.hikari.HikariDataSource - HikariPool-1 - Shutdown completed.
10:21:47.125 INFO  i.c.s.n.SocialNetworkApplication - Starting SocialNetworkApplication on DESKTOP-URU3K2E with PID 24268 (C:\Desarrollo\FaceUTEQ\web.social.network\target\classes started by Hector Escobedo in C:\Desarrollo\FaceUTEQ)
10:21:47.127 DEBUG i.c.s.n.SocialNetworkApplication - Running with Spring Boot v2.1.7.RELEASE, Spring v5.1.9.RELEASE
10:21:47.127 INFO  i.c.s.n.SocialNetworkApplication - The following profiles are active: dev
10:21:47.155 INFO  o.s.b.d.e.DevToolsPropertyDefaultsPostProcessor - Devtools property defaults active! Set 'spring.devtools.add-properties' to 'false' to disable
10:21:47.155 INFO  o.s.b.d.e.DevToolsPropertyDefaultsPostProcessor - For additional web related logging consider setting the 'logging.level.web' property to 'DEBUG'
10:21:48.130 INFO  o.s.d.r.c.RepositoryConfigurationDelegate - Bootstrapping Spring Data repositories in DEFAULT mode.
10:21:48.229 INFO  o.s.d.r.c.RepositoryConfigurationDelegate - Finished Spring Data repository scanning in 93ms. Found 4 repository interfaces.
10:21:48.599 INFO  o.s.c.s.PostProcessorRegistrationDelegate$BeanPostProcessorChecker - Bean 'org.springframework.transaction.annotation.ProxyTransactionManagementConfiguration' of type [org.springframework.transaction.annotation.ProxyTransactionManagementConfiguration$$EnhancerBySpringCGLIB$$7b04c9f4] is not eligible for getting processed by all BeanPostProcessors (for example: not eligible for auto-proxying)
10:21:48.883 INFO  o.s.b.w.e.tomcat.TomcatWebServer - Tomcat initialized with port(s): 8080 (http)
10:21:48.897 INFO  o.a.coyote.http11.Http11NioProtocol - Initializing ProtocolHandler ["http-nio-8080"]
10:21:48.905 INFO  o.a.catalina.core.StandardService - Starting service [Tomcat]
10:21:48.905 INFO  o.a.catalina.core.StandardEngine - Starting Servlet engine: [Apache Tomcat/9.0.22]
10:21:48.992 INFO  o.a.c.c.C.[Tomcat].[localhost].[/] - Initializing Spring embedded WebApplicationContext
10:21:48.993 INFO  o.s.web.context.ContextLoader - Root WebApplicationContext: initialization completed in 1838 ms
10:21:49.416 INFO  com.zaxxer.hikari.HikariDataSource - HikariPool-1 - Starting...
10:21:49.418 WARN  c.z.hikari.util.DriverDataSource - Registered driver with driverClassName=com.mysql.jdbc.Driver was not found, trying direct instantiation.
10:21:49.779 INFO  com.zaxxer.hikari.HikariDataSource - HikariPool-1 - Start completed.
10:21:49.837 INFO  o.h.jpa.internal.util.LogHelper - HHH000204: Processing PersistenceUnitInfo [
	name: default
	...]
10:21:49.903 INFO  org.hibernate.Version - HHH000412: Hibernate Core {5.3.10.Final}
10:21:49.905 INFO  org.hibernate.cfg.Environment - HHH000206: hibernate.properties not found
10:21:50.055 INFO  o.h.annotations.common.Version - HCANN000001: Hibernate Commons Annotations {5.0.4.Final}
10:21:50.189 INFO  org.hibernate.dialect.Dialect - HHH000400: Using dialect: org.hibernate.dialect.MySQL5Dialect
10:21:51.018 DEBUG org.hibernate.SQL - alter table friendship add constraint FKlf0nqje9k08cimvk4tsnb2bgg foreign key (user_receiver) references user (id)
10:21:51.053 DEBUG org.hibernate.SQL - alter table friendship add constraint FKngs34a7uptf3lmnefiigk1ktd foreign key (user_sender) references user (id)
10:21:51.091 DEBUG org.hibernate.SQL - alter table messages add constraint FK8q4vrb5gjo5j0t8gv51qj3se9 foreign key (receiver) references user (id)
10:21:51.114 DEBUG org.hibernate.SQL - alter table messages add constraint FKelhs6sn3e7n5nhphoiht9jqes foreign key (sender) references user (id)
10:21:51.170 DEBUG org.hibernate.SQL - alter table user_role add constraint FKa68196081fvovjhkek5m97n3y foreign key (role_id) references role (id)
10:21:51.188 DEBUG org.hibernate.SQL - alter table user_role add constraint FK859n2jvi8ivhui0rl0esws6o foreign key (user_id) references user (id)
10:21:51.209 INFO  o.s.o.j.LocalContainerEntityManagerFactoryBean - Initialized JPA EntityManagerFactory for persistence unit 'default'
10:21:51.249 INFO  o.s.b.d.a.OptionalLiveReloadServer - LiveReload server is running on port 35729
10:21:51.882 INFO  o.s.s.web.DefaultSecurityFilterChain - Creating filter chain: any request, [org.springframework.security.web.context.request.async.WebAsyncManagerIntegrationFilter@9b7f209, org.springframework.security.web.context.SecurityContextPersistenceFilter@4dfc1695, org.springframework.security.web.header.HeaderWriterFilter@7f22c704, org.springframework.security.web.csrf.CsrfFilter@45981006, org.springframework.security.web.authentication.logout.LogoutFilter@3f819748, org.springframework.security.web.authentication.UsernamePasswordAuthenticationFilter@65869ad2, org.springframework.security.web.savedrequest.RequestCacheAwareFilter@534d351d, org.springframework.security.web.servletapi.SecurityContextHolderAwareRequestFilter@54a02c6e, org.springframework.security.web.authentication.AnonymousAuthenticationFilter@72438ade, org.springframework.security.web.session.SessionManagementFilter@1f8edb6f, org.springframework.security.web.access.ExceptionTranslationFilter@6357fe63, org.springframework.security.web.access.intercept.FilterSecurityInterceptor@292c3f00]
10:21:52.010 INFO  o.s.s.c.ThreadPoolTaskExecutor - Initializing ExecutorService 'applicationTaskExecutor'
10:21:52.040 WARN  o.s.b.a.o.j.JpaBaseConfiguration$JpaWebConfiguration$JpaWebMvcConfiguration - spring.jpa.open-in-view is enabled by default. Therefore, database queries may be performed during view rendering. Explicitly configure spring.jpa.open-in-view to disable this warning
10:21:52.071 INFO  o.s.b.a.w.s.WelcomePageHandlerMapping - Adding welcome page template: index
10:21:52.301 INFO  o.s.b.a.e.web.EndpointLinksResolver - Exposing 9 endpoint(s) beneath base path ''
10:21:52.419 INFO  o.a.coyote.http11.Http11NioProtocol - Starting ProtocolHandler ["http-nio-8080"]
10:21:52.440 INFO  o.s.b.w.e.tomcat.TomcatWebServer - Tomcat started on port(s): 8080 (http) with context path ''
10:21:52.442 INFO  i.c.s.n.SocialNetworkApplication - Started SocialNetworkApplication in 5.658 seconds (JVM running for 6.515)
10:21:52.788 INFO  o.a.c.c.C.[Tomcat].[localhost].[/] - Initializing Spring DispatcherServlet 'dispatcherServlet'
10:21:52.788 INFO  o.s.web.servlet.DispatcherServlet - Initializing Servlet 'dispatcherServlet'
10:21:52.796 INFO  o.s.web.servlet.DispatcherServlet - Completed initialization in 8 ms
10:22:23.078 DEBUG org.hibernate.SQL - select user0_.id as id1_3_, user0_.date_of_birth as date_of_2_3_, user0_.username as username3_3_, user0_.first_name as first_na4_3_, user0_.image as image5_3_, user0_.is_professor as is_profe6_3_, user0_.last_name as last_nam7_3_, user0_.password as password8_3_, user0_.phone as phone9_3_, user0_.sex as sex10_3_ from user user0_ where user0_.username=?
10:23:14.412 WARN  com.zaxxer.hikari.pool.HikariPool - HikariPool-1 - Thread starvation or clock leap detected (housekeeper delta=51s375ms315µs900ns).
10:26:27.593 WARN  com.zaxxer.hikari.pool.HikariPool - HikariPool-1 - Thread starvation or clock leap detected (housekeeper delta=3m13s180ms870µs600ns).
10:26:27.595 DEBUG org.hibernate.SQL - select role0_.id as id1_2_, role0_.name as name2_2_ from role role0_ where role0_.name=?
10:26:28.979 DEBUG org.hibernate.SQL - insert into user (date_of_birth, username, first_name, image, is_professor, last_name, password, phone, sex) values (?, ?, ?, ?, ?, ?, ?, ?, ?)
10:26:28.996 DEBUG org.hibernate.SQL - insert into user_role (user_id, role_id) values (?, ?)
10:51:08.719 INFO  o.s.s.c.ThreadPoolTaskExecutor - Shutting down ExecutorService 'applicationTaskExecutor'
10:51:08.721 INFO  o.s.o.j.LocalContainerEntityManagerFactoryBean - Closing JPA EntityManagerFactory for persistence unit 'default'
10:51:08.725 INFO  com.zaxxer.hikari.HikariDataSource - HikariPool-1 - Shutdown initiated...
10:51:08.732 INFO  com.zaxxer.hikari.HikariDataSource - HikariPool-1 - Shutdown completed.
10:52:10.801 INFO  c.j.u.s.n.SocialNetworkApplication - Starting SocialNetworkApplication on DESKTOP-URU3K2E with PID 17036 (C:\Desarrollo\FaceUTEQ\web.social.network\target\classes started by Hector Escobedo in C:\Desarrollo\FaceUTEQ)
10:52:10.803 INFO  c.j.u.s.n.SocialNetworkApplication - The following profiles are active: dev
10:52:10.837 INFO  o.s.b.d.e.DevToolsPropertyDefaultsPostProcessor - Devtools property defaults active! Set 'spring.devtools.add-properties' to 'false' to disable
10:52:10.837 INFO  o.s.b.d.e.DevToolsPropertyDefaultsPostProcessor - For additional web related logging consider setting the 'logging.level.web' property to 'DEBUG'
10:52:11.627 INFO  o.s.d.r.c.RepositoryConfigurationDelegate - Bootstrapping Spring Data repositories in DEFAULT mode.
10:52:11.703 INFO  o.s.d.r.c.RepositoryConfigurationDelegate - Finished Spring Data repository scanning in 70ms. Found 4 repository interfaces.
10:52:11.978 INFO  o.s.c.s.PostProcessorRegistrationDelegate$BeanPostProcessorChecker - Bean 'org.springframework.transaction.annotation.ProxyTransactionManagementConfiguration' of type [org.springframework.transaction.annotation.ProxyTransactionManagementConfiguration$$EnhancerBySpringCGLIB$$ff2bfdf3] is not eligible for getting processed by all BeanPostProcessors (for example: not eligible for auto-proxying)
10:52:12.233 INFO  o.s.b.w.e.tomcat.TomcatWebServer - Tomcat initialized with port(s): 8080 (http)
10:52:12.245 INFO  o.a.coyote.http11.Http11NioProtocol - Initializing ProtocolHandler ["http-nio-8080"]
10:52:12.253 INFO  o.a.catalina.core.StandardService - Starting service [Tomcat]
10:52:12.253 INFO  o.a.catalina.core.StandardEngine - Starting Servlet engine: [Apache Tomcat/9.0.22]
10:52:12.325 INFO  o.a.c.c.C.[Tomcat].[localhost].[/] - Initializing Spring embedded WebApplicationContext
10:52:12.325 INFO  o.s.web.context.ContextLoader - Root WebApplicationContext: initialization completed in 1488 ms
10:52:12.667 INFO  com.zaxxer.hikari.HikariDataSource - HikariPool-1 - Starting...
10:52:12.669 WARN  c.z.hikari.util.DriverDataSource - Registered driver with driverClassName=com.mysql.jdbc.Driver was not found, trying direct instantiation.
10:52:12.955 INFO  com.zaxxer.hikari.HikariDataSource - HikariPool-1 - Start completed.
10:52:12.995 INFO  o.h.jpa.internal.util.LogHelper - HHH000204: Processing PersistenceUnitInfo [
	name: default
	...]
10:52:13.047 INFO  org.hibernate.Version - HHH000412: Hibernate Core {5.3.10.Final}
10:52:13.048 INFO  org.hibernate.cfg.Environment - HHH000206: hibernate.properties not found
10:52:13.180 INFO  o.h.annotations.common.Version - HCANN000001: Hibernate Commons Annotations {5.0.4.Final}
10:52:13.292 INFO  org.hibernate.dialect.Dialect - HHH000400: Using dialect: org.hibernate.dialect.MySQL5Dialect
10:52:13.833 DEBUG org.hibernate.SQL - alter table friendship add constraint FKlf0nqje9k08cimvk4tsnb2bgg foreign key (user_receiver) references user (id)
10:52:13.858 DEBUG org.hibernate.SQL - alter table friendship add constraint FKngs34a7uptf3lmnefiigk1ktd foreign key (user_sender) references user (id)
10:52:13.882 DEBUG org.hibernate.SQL - alter table messages add constraint FK8q4vrb5gjo5j0t8gv51qj3se9 foreign key (receiver) references user (id)
10:52:13.902 DEBUG org.hibernate.SQL - alter table messages add constraint FKelhs6sn3e7n5nhphoiht9jqes foreign key (sender) references user (id)
10:52:13.926 DEBUG org.hibernate.SQL - alter table user_role add constraint FKa68196081fvovjhkek5m97n3y foreign key (role_id) references role (id)
10:52:13.949 DEBUG org.hibernate.SQL - alter table user_role add constraint FK859n2jvi8ivhui0rl0esws6o foreign key (user_id) references user (id)
10:52:13.970 INFO  o.s.o.j.LocalContainerEntityManagerFactoryBean - Initialized JPA EntityManagerFactory for persistence unit 'default'
10:52:13.998 INFO  o.s.b.d.a.OptionalLiveReloadServer - LiveReload server is running on port 35729
10:52:14.519 INFO  o.s.s.web.DefaultSecurityFilterChain - Creating filter chain: any request, [org.springframework.security.web.context.request.async.WebAsyncManagerIntegrationFilter@60ef65fb, org.springframework.security.web.context.SecurityContextPersistenceFilter@294f85dc, org.springframework.security.web.header.HeaderWriterFilter@7a4f3adc, org.springframework.security.web.csrf.CsrfFilter@5fe68615, org.springframework.security.web.authentication.logout.LogoutFilter@567b041, org.springframework.security.web.authentication.UsernamePasswordAuthenticationFilter@bdc10ae, org.springframework.security.web.savedrequest.RequestCacheAwareFilter@318ac9ca, org.springframework.security.web.servletapi.SecurityContextHolderAwareRequestFilter@2be318bb, org.springframework.security.web.authentication.AnonymousAuthenticationFilter@598b99fd, org.springframework.security.web.session.SessionManagementFilter@47fb23ff, org.springframework.security.web.access.ExceptionTranslationFilter@2941b65b, org.springframework.security.web.access.intercept.FilterSecurityInterceptor@4400230b]
10:52:14.640 INFO  o.s.s.c.ThreadPoolTaskExecutor - Initializing ExecutorService 'applicationTaskExecutor'
10:52:14.666 WARN  o.s.b.a.o.j.JpaBaseConfiguration$JpaWebConfiguration$JpaWebMvcConfiguration - spring.jpa.open-in-view is enabled by default. Therefore, database queries may be performed during view rendering. Explicitly configure spring.jpa.open-in-view to disable this warning
10:52:14.695 INFO  o.s.b.a.w.s.WelcomePageHandlerMapping - Adding welcome page template: index
10:52:14.867 INFO  o.s.b.a.e.web.EndpointLinksResolver - Exposing 9 endpoint(s) beneath base path ''
10:52:14.965 INFO  o.a.coyote.http11.Http11NioProtocol - Starting ProtocolHandler ["http-nio-8080"]
10:52:14.984 INFO  o.s.b.w.e.tomcat.TomcatWebServer - Tomcat started on port(s): 8080 (http) with context path ''
10:52:14.985 INFO  c.j.u.s.n.SocialNetworkApplication - Started SocialNetworkApplication in 4.545 seconds (JVM running for 5.399)
10:52:15.357 INFO  o.a.c.c.C.[Tomcat].[localhost].[/] - Initializing Spring DispatcherServlet 'dispatcherServlet'
10:52:15.358 INFO  o.s.web.servlet.DispatcherServlet - Initializing Servlet 'dispatcherServlet'
10:52:15.364 INFO  o.s.web.servlet.DispatcherServlet - Completed initialization in 6 ms
10:53:02.676 DEBUG org.hibernate.SQL - select user0_.id as id1_3_, user0_.date_of_birth as date_of_2_3_, user0_.username as username3_3_, user0_.first_name as first_na4_3_, user0_.image as image5_3_, user0_.is_professor as is_profe6_3_, user0_.last_name as last_nam7_3_, user0_.password as password8_3_, user0_.phone as phone9_3_, user0_.sex as sex10_3_ from user user0_ where user0_.username=?
10:53:06.031 DEBUG org.hibernate.SQL - select role0_.id as id1_2_, role0_.name as name2_2_ from role role0_ where role0_.name=?
10:53:06.055 DEBUG org.hibernate.SQL - insert into user (date_of_birth, username, first_name, image, is_professor, last_name, password, phone, sex) values (?, ?, ?, ?, ?, ?, ?, ?, ?)
10:53:06.077 DEBUG org.hibernate.SQL - insert into user_role (user_id, role_id) values (?, ?)
10:56:01.851 INFO  o.s.s.c.ThreadPoolTaskExecutor - Shutting down ExecutorService 'applicationTaskExecutor'
10:56:01.853 INFO  o.s.o.j.LocalContainerEntityManagerFactoryBean - Closing JPA EntityManagerFactory for persistence unit 'default'
10:56:01.856 INFO  com.zaxxer.hikari.HikariDataSource - HikariPool-1 - Shutdown initiated...
10:56:01.863 INFO  com.zaxxer.hikari.HikariDataSource - HikariPool-1 - Shutdown completed.
10:56:05.824 INFO  c.j.u.s.n.SocialNetworkApplication - Starting SocialNetworkApplication on DESKTOP-URU3K2E with PID 20636 (C:\Desarrollo\FaceUTEQ\web.social.network\target\classes started by Hector Escobedo in C:\Desarrollo\FaceUTEQ)
10:56:05.826 INFO  c.j.u.s.n.SocialNetworkApplication - The following profiles are active: dev
10:56:05.854 INFO  o.s.b.d.e.DevToolsPropertyDefaultsPostProcessor - Devtools property defaults active! Set 'spring.devtools.add-properties' to 'false' to disable
10:56:05.854 INFO  o.s.b.d.e.DevToolsPropertyDefaultsPostProcessor - For additional web related logging consider setting the 'logging.level.web' property to 'DEBUG'
10:56:06.611 INFO  o.s.d.r.c.RepositoryConfigurationDelegate - Bootstrapping Spring Data repositories in DEFAULT mode.
10:56:06.681 INFO  o.s.d.r.c.RepositoryConfigurationDelegate - Finished Spring Data repository scanning in 66ms. Found 4 repository interfaces.
10:56:06.949 INFO  o.s.c.s.PostProcessorRegistrationDelegate$BeanPostProcessorChecker - Bean 'org.springframework.transaction.annotation.ProxyTransactionManagementConfiguration' of type [org.springframework.transaction.annotation.ProxyTransactionManagementConfiguration$$EnhancerBySpringCGLIB$$3d3682f7] is not eligible for getting processed by all BeanPostProcessors (for example: not eligible for auto-proxying)
10:56:07.149 INFO  o.s.b.w.e.tomcat.TomcatWebServer - Tomcat initialized with port(s): 8080 (http)
10:56:07.161 INFO  o.a.coyote.http11.Http11NioProtocol - Initializing ProtocolHandler ["http-nio-8080"]
10:56:07.168 INFO  o.a.catalina.core.StandardService - Starting service [Tomcat]
10:56:07.168 INFO  o.a.catalina.core.StandardEngine - Starting Servlet engine: [Apache Tomcat/9.0.22]
10:56:07.232 INFO  o.a.c.c.C.[Tomcat].[localhost].[/] - Initializing Spring embedded WebApplicationContext
10:56:07.232 INFO  o.s.web.context.ContextLoader - Root WebApplicationContext: initialization completed in 1378 ms
10:56:07.545 INFO  com.zaxxer.hikari.HikariDataSource - HikariPool-1 - Starting...
10:56:07.547 WARN  c.z.hikari.util.DriverDataSource - Registered driver with driverClassName=com.mysql.jdbc.Driver was not found, trying direct instantiation.
10:56:07.733 INFO  com.zaxxer.hikari.HikariDataSource - HikariPool-1 - Start completed.
10:56:07.769 INFO  o.h.jpa.internal.util.LogHelper - HHH000204: Processing PersistenceUnitInfo [
	name: default
	...]
10:56:07.801 INFO  org.hibernate.Version - HHH000412: Hibernate Core {5.3.10.Final}
10:56:07.802 INFO  org.hibernate.cfg.Environment - HHH000206: hibernate.properties not found
10:56:07.882 INFO  o.h.annotations.common.Version - HCANN000001: Hibernate Commons Annotations {5.0.4.Final}
10:56:07.969 INFO  org.hibernate.dialect.Dialect - HHH000400: Using dialect: org.hibernate.dialect.MySQL5Dialect
10:56:08.431 DEBUG org.hibernate.SQL - alter table friendship add constraint FKlf0nqje9k08cimvk4tsnb2bgg foreign key (user_receiver) references user (id)
10:56:08.455 DEBUG org.hibernate.SQL - alter table friendship add constraint FKngs34a7uptf3lmnefiigk1ktd foreign key (user_sender) references user (id)
10:56:08.483 DEBUG org.hibernate.SQL - alter table messages add constraint FK8q4vrb5gjo5j0t8gv51qj3se9 foreign key (receiver) references user (id)
10:56:08.503 DEBUG org.hibernate.SQL - alter table messages add constraint FKelhs6sn3e7n5nhphoiht9jqes foreign key (sender) references user (id)
10:56:08.527 DEBUG org.hibernate.SQL - alter table user_role add constraint FKa68196081fvovjhkek5m97n3y foreign key (role_id) references role (id)
10:56:08.551 DEBUG org.hibernate.SQL - alter table user_role add constraint FK859n2jvi8ivhui0rl0esws6o foreign key (user_id) references user (id)
10:56:08.572 INFO  o.s.o.j.LocalContainerEntityManagerFactoryBean - Initialized JPA EntityManagerFactory for persistence unit 'default'
10:56:08.599 INFO  o.s.b.d.a.OptionalLiveReloadServer - LiveReload server is running on port 35729
10:56:09.074 INFO  o.s.s.web.DefaultSecurityFilterChain - Creating filter chain: any request, [org.springframework.security.web.context.request.async.WebAsyncManagerIntegrationFilter@60615852, org.springframework.security.web.context.SecurityContextPersistenceFilter@2d7efb53, org.springframework.security.web.header.HeaderWriterFilter@7839fb0a, org.springframework.security.web.csrf.CsrfFilter@3e12aaf4, org.springframework.security.web.authentication.logout.LogoutFilter@d12fbce, org.springframework.security.web.authentication.UsernamePasswordAuthenticationFilter@30416b77, org.springframework.security.web.savedrequest.RequestCacheAwareFilter@a2222b0, org.springframework.security.web.servletapi.SecurityContextHolderAwareRequestFilter@7022c020, org.springframework.security.web.authentication.AnonymousAuthenticationFilter@31d4fe36, org.springframework.security.web.session.SessionManagementFilter@17a27ea6, org.springframework.security.web.access.ExceptionTranslationFilter@7584c33a, org.springframework.security.web.access.intercept.FilterSecurityInterceptor@6aa06336]
10:56:09.181 INFO  o.s.s.c.ThreadPoolTaskExecutor - Initializing ExecutorService 'applicationTaskExecutor'
10:56:09.205 WARN  o.s.b.a.o.j.JpaBaseConfiguration$JpaWebConfiguration$JpaWebMvcConfiguration - spring.jpa.open-in-view is enabled by default. Therefore, database queries may be performed during view rendering. Explicitly configure spring.jpa.open-in-view to disable this warning
10:56:09.230 INFO  o.s.b.a.w.s.WelcomePageHandlerMapping - Adding welcome page template: index
10:56:09.394 INFO  o.s.b.a.e.web.EndpointLinksResolver - Exposing 9 endpoint(s) beneath base path ''
10:56:09.487 INFO  o.a.coyote.http11.Http11NioProtocol - Starting ProtocolHandler ["http-nio-8080"]
10:56:09.504 INFO  o.s.b.w.e.tomcat.TomcatWebServer - Tomcat started on port(s): 8080 (http) with context path ''
10:56:09.506 INFO  c.j.u.s.n.SocialNetworkApplication - Started SocialNetworkApplication in 3.971 seconds (JVM running for 4.552)
10:56:09.899 INFO  o.a.c.c.C.[Tomcat].[localhost].[/] - Initializing Spring DispatcherServlet 'dispatcherServlet'
10:56:09.899 INFO  o.s.web.servlet.DispatcherServlet - Initializing Servlet 'dispatcherServlet'
10:56:09.905 INFO  o.s.web.servlet.DispatcherServlet - Completed initialization in 6 ms
10:57:08.888 DEBUG org.hibernate.SQL - select user0_.id as id1_3_, user0_.date_of_birth as date_of_2_3_, user0_.username as username3_3_, user0_.first_name as first_na4_3_, user0_.image as image5_3_, user0_.is_professor as is_profe6_3_, user0_.last_name as last_nam7_3_, user0_.password as password8_3_, user0_.phone as phone9_3_, user0_.sex as sex10_3_ from user user0_ where user0_.username=?
10:57:10.287 DEBUG org.hibernate.SQL - select role0_.id as id1_2_, role0_.name as name2_2_ from role role0_ where role0_.name=?
10:57:10.311 DEBUG org.hibernate.SQL - insert into user (date_of_birth, username, first_name, image, is_professor, last_name, password, phone, sex) values (?, ?, ?, ?, ?, ?, ?, ?, ?)
10:57:10.331 DEBUG org.hibernate.SQL - insert into user_role (user_id, role_id) values (?, ?)
11:24:35.940 INFO  o.s.s.c.ThreadPoolTaskExecutor - Shutting down ExecutorService 'applicationTaskExecutor'
11:24:35.942 INFO  o.s.o.j.LocalContainerEntityManagerFactoryBean - Closing JPA EntityManagerFactory for persistence unit 'default'
11:24:35.946 INFO  com.zaxxer.hikari.HikariDataSource - HikariPool-1 - Shutdown initiated...
11:24:35.953 INFO  com.zaxxer.hikari.HikariDataSource - HikariPool-1 - Shutdown completed.
11:24:40.469 INFO  c.j.u.s.n.SocialNetworkApplication - Starting SocialNetworkApplication on DESKTOP-URU3K2E with PID 23648 (C:\Desarrollo\FaceUTEQ\web.social.network\target\classes started by Hector Escobedo in C:\Desarrollo\FaceUTEQ)
11:24:40.472 INFO  c.j.u.s.n.SocialNetworkApplication - The following profiles are active: dev
11:24:40.505 INFO  o.s.b.d.e.DevToolsPropertyDefaultsPostProcessor - Devtools property defaults active! Set 'spring.devtools.add-properties' to 'false' to disable
11:24:40.505 INFO  o.s.b.d.e.DevToolsPropertyDefaultsPostProcessor - For additional web related logging consider setting the 'logging.level.web' property to 'DEBUG'
11:24:41.311 INFO  o.s.d.r.c.RepositoryConfigurationDelegate - Bootstrapping Spring Data repositories in DEFAULT mode.
11:24:41.383 INFO  o.s.d.r.c.RepositoryConfigurationDelegate - Finished Spring Data repository scanning in 67ms. Found 4 repository interfaces.
11:24:41.666 INFO  o.s.c.s.PostProcessorRegistrationDelegate$BeanPostProcessorChecker - Bean 'org.springframework.transaction.annotation.ProxyTransactionManagementConfiguration' of type [org.springframework.transaction.annotation.ProxyTransactionManagementConfiguration$$EnhancerBySpringCGLIB$$271aa3c3] is not eligible for getting processed by all BeanPostProcessors (for example: not eligible for auto-proxying)
11:24:41.888 INFO  o.s.b.w.e.tomcat.TomcatWebServer - Tomcat initialized with port(s): 8080 (http)
11:24:41.900 INFO  o.a.coyote.http11.Http11NioProtocol - Initializing ProtocolHandler ["http-nio-8080"]
11:24:41.906 INFO  o.a.catalina.core.StandardService - Starting service [Tomcat]
11:24:41.907 INFO  o.a.catalina.core.StandardEngine - Starting Servlet engine: [Apache Tomcat/9.0.22]
11:24:41.972 INFO  o.a.c.c.C.[Tomcat].[localhost].[/] - Initializing Spring embedded WebApplicationContext
11:24:41.972 INFO  o.s.web.context.ContextLoader - Root WebApplicationContext: initialization completed in 1467 ms
11:24:42.279 INFO  com.zaxxer.hikari.HikariDataSource - HikariPool-1 - Starting...
11:24:42.281 WARN  c.z.hikari.util.DriverDataSource - Registered driver with driverClassName=com.mysql.jdbc.Driver was not found, trying direct instantiation.
11:24:42.516 INFO  com.zaxxer.hikari.HikariDataSource - HikariPool-1 - Start completed.
11:24:42.550 INFO  o.h.jpa.internal.util.LogHelper - HHH000204: Processing PersistenceUnitInfo [
	name: default
	...]
11:24:42.583 INFO  org.hibernate.Version - HHH000412: Hibernate Core {5.3.10.Final}
11:24:42.584 INFO  org.hibernate.cfg.Environment - HHH000206: hibernate.properties not found
11:24:42.664 INFO  o.h.annotations.common.Version - HCANN000001: Hibernate Commons Annotations {5.0.4.Final}
11:24:42.752 INFO  org.hibernate.dialect.Dialect - HHH000400: Using dialect: org.hibernate.dialect.MySQL5Dialect
11:24:43.212 DEBUG org.hibernate.SQL - alter table friendship add constraint FKlf0nqje9k08cimvk4tsnb2bgg foreign key (user_receiver) references user (id)
11:24:43.237 DEBUG org.hibernate.SQL - alter table friendship add constraint FKngs34a7uptf3lmnefiigk1ktd foreign key (user_sender) references user (id)
11:24:43.261 DEBUG org.hibernate.SQL - alter table messages add constraint FK8q4vrb5gjo5j0t8gv51qj3se9 foreign key (receiver) references user (id)
11:24:43.283 DEBUG org.hibernate.SQL - alter table messages add constraint FKelhs6sn3e7n5nhphoiht9jqes foreign key (sender) references user (id)
11:24:43.318 DEBUG org.hibernate.SQL - alter table user_role add constraint FKa68196081fvovjhkek5m97n3y foreign key (role_id) references role (id)
11:24:43.343 DEBUG org.hibernate.SQL - alter table user_role add constraint FK859n2jvi8ivhui0rl0esws6o foreign key (user_id) references user (id)
11:24:43.365 INFO  o.s.o.j.LocalContainerEntityManagerFactoryBean - Initialized JPA EntityManagerFactory for persistence unit 'default'
11:24:43.393 INFO  o.s.b.d.a.OptionalLiveReloadServer - LiveReload server is running on port 35729
11:24:43.872 INFO  o.s.s.web.DefaultSecurityFilterChain - Creating filter chain: any request, [org.springframework.security.web.context.request.async.WebAsyncManagerIntegrationFilter@429a664a, org.springframework.security.web.context.SecurityContextPersistenceFilter@1da2c049, org.springframework.security.web.header.HeaderWriterFilter@58dcd8ea, org.springframework.security.web.csrf.CsrfFilter@72e988ed, org.springframework.security.web.authentication.logout.LogoutFilter@3d45fbf0, org.springframework.security.web.authentication.UsernamePasswordAuthenticationFilter@350854a3, org.springframework.security.web.savedrequest.RequestCacheAwareFilter@1946a4bf, org.springframework.security.web.servletapi.SecurityContextHolderAwareRequestFilter@2a3f5aeb, org.springframework.security.web.authentication.AnonymousAuthenticationFilter@be5253, org.springframework.security.web.session.SessionManagementFilter@6d6083fb, org.springframework.security.web.access.ExceptionTranslationFilter@1b7d7c6c, org.springframework.security.web.access.intercept.FilterSecurityInterceptor@24f9bfe6]
11:24:43.983 INFO  o.s.s.c.ThreadPoolTaskExecutor - Initializing ExecutorService 'applicationTaskExecutor'
11:24:44.009 WARN  o.s.b.a.o.j.JpaBaseConfiguration$JpaWebConfiguration$JpaWebMvcConfiguration - spring.jpa.open-in-view is enabled by default. Therefore, database queries may be performed during view rendering. Explicitly configure spring.jpa.open-in-view to disable this warning
11:24:44.038 INFO  o.s.b.a.w.s.WelcomePageHandlerMapping - Adding welcome page template: index
11:24:44.205 INFO  o.s.b.a.e.web.EndpointLinksResolver - Exposing 9 endpoint(s) beneath base path ''
11:24:44.303 INFO  o.a.coyote.http11.Http11NioProtocol - Starting ProtocolHandler ["http-nio-8080"]
11:24:44.322 INFO  o.s.b.w.e.tomcat.TomcatWebServer - Tomcat started on port(s): 8080 (http) with context path ''
11:24:44.324 INFO  c.j.u.s.n.SocialNetworkApplication - Started SocialNetworkApplication in 4.159 seconds (JVM running for 4.785)
11:24:44.538 INFO  o.a.c.c.C.[Tomcat].[localhost].[/] - Initializing Spring DispatcherServlet 'dispatcherServlet'
11:24:44.539 INFO  o.s.web.servlet.DispatcherServlet - Initializing Servlet 'dispatcherServlet'
11:24:44.545 INFO  o.s.web.servlet.DispatcherServlet - Completed initialization in 6 ms
